<?xml version="1.0" encoding="UTF-8"?>
<testng-results skipped="0" failed="0" ignored="0" total="1" passed="1">
  <reporter-output>
  </reporter-output>
  <suite name="Default suite" duration-ms="5552" started-at="2022-11-17T22:49:49 IST" finished-at="2022-11-17T22:49:55 IST">
    <groups>
    </groups>
    <test name="Default test" duration-ms="5552" started-at="2022-11-17T22:49:49 IST" finished-at="2022-11-17T22:49:55 IST">
      <class name="Nov17.HandleWait">
        <test-method status="PASS" signature="main()[pri:0, instance:Nov17.HandleWait@4493d195]" name="main" duration-ms="5501" started-at="2022-11-17T22:49:49 IST" finished-at="2022-11-17T22:49:55 IST">
          <reporter-output>
          </reporter-output>
        </test-method> <!-- main -->
      </class> <!-- Nov17.HandleWait -->
    </test> <!-- Default test -->
  </suite> <!-- Default suite -->
</testng-results>
